c:\users\159rj\source\repos\winapilecture\client\x64\debug\client.pch
c:\users\159rj\source\repos\winapilecture\client\x64\debug\vc143.pdb
c:\users\159rj\source\repos\winapilecture\client\x64\debug\vc143.idb
c:\users\159rj\source\repos\winapilecture\client\x64\debug\canimation.obj
c:\users\159rj\source\repos\winapilecture\client\x64\debug\canimator.obj
c:\users\159rj\source\repos\winapilecture\client\x64\debug\ccamera.obj
c:\users\159rj\source\repos\winapilecture\client\x64\debug\ccollider.obj
c:\users\159rj\source\repos\winapilecture\client\x64\debug\ccollisionmgr.obj
c:\users\159rj\source\repos\winapilecture\client\x64\debug\ccore.obj
c:\users\159rj\source\repos\winapilecture\client\x64\debug\ceventmgr.obj
c:\users\159rj\source\repos\winapilecture\client\x64\debug\ckeymgr.obj
c:\users\159rj\source\repos\winapilecture\client\x64\debug\cmissile.obj
c:\users\159rj\source\repos\winapilecture\client\x64\debug\cmonster.obj
c:\users\159rj\source\repos\winapilecture\client\x64\debug\cobject.obj
c:\users\159rj\source\repos\winapilecture\client\x64\debug\cpathmgr.obj
c:\users\159rj\source\repos\winapilecture\client\x64\debug\cplayer.obj
c:\users\159rj\source\repos\winapilecture\client\x64\debug\cres.obj
c:\users\159rj\source\repos\winapilecture\client\x64\debug\cresmgr.obj
c:\users\159rj\source\repos\winapilecture\client\x64\debug\cscene.obj
c:\users\159rj\source\repos\winapilecture\client\x64\debug\cscenemgr.obj
c:\users\159rj\source\repos\winapilecture\client\x64\debug\cscene_start.obj
c:\users\159rj\source\repos\winapilecture\client\x64\debug\cscene_tool.obj
c:\users\159rj\source\repos\winapilecture\client\x64\debug\csound.obj
c:\users\159rj\source\repos\winapilecture\client\x64\debug\ctexture.obj
c:\users\159rj\source\repos\winapilecture\client\x64\debug\ctimemgr.obj
c:\users\159rj\source\repos\winapilecture\client\x64\debug\func.obj
c:\users\159rj\source\repos\winapilecture\client\x64\debug\main.obj
c:\users\159rj\source\repos\winapilecture\client\x64\debug\selectgdi.obj
c:\users\159rj\source\repos\winapilecture\client\x64\debug\client.ilk
c:\users\159rj\source\repos\winapilecture\output\bin_debug\client.exe
c:\users\159rj\source\repos\winapilecture\output\bin_debug\client.pdb
c:\users\159rj\source\repos\winapilecture\client\x64\debug\client.res
c:\users\159rj\source\repos\winapilecture\client\x64\debug\client.tlog\cl.command.1.tlog
c:\users\159rj\source\repos\winapilecture\client\x64\debug\client.tlog\cl.items.tlog
c:\users\159rj\source\repos\winapilecture\client\x64\debug\client.tlog\cl.read.1.tlog
c:\users\159rj\source\repos\winapilecture\client\x64\debug\client.tlog\cl.write.1.tlog
c:\users\159rj\source\repos\winapilecture\client\x64\debug\client.tlog\link.command.1.tlog
c:\users\159rj\source\repos\winapilecture\client\x64\debug\client.tlog\link.read.1.tlog
c:\users\159rj\source\repos\winapilecture\client\x64\debug\client.tlog\link.write.1.tlog
c:\users\159rj\source\repos\winapilecture\client\x64\debug\client.tlog\rc.command.1.tlog
c:\users\159rj\source\repos\winapilecture\client\x64\debug\client.tlog\rc.read.1.tlog
c:\users\159rj\source\repos\winapilecture\client\x64\debug\client.tlog\rc.write.1.tlog
