  CCore.cpp
  CKeyMgr.cpp
  CMissile.cpp
  CMonster.cpp
  CObject.cpp
  CPlayer.cpp
  CRes.cpp
  CScene.cpp
  CSceneMgr.cpp
  CScene_Start.cpp
  CScene_Tool.cpp
  CSound.cpp
  CTexture.cpp
  CTimeMgr.cpp
  main.cpp
LINK : warning C4727: 타임스탬프가 동일한 c:\users\159rj\source\repos\winapilecture\client\x64\release\client.pch PCH가 c:\users\159rj\source\repos\winapilecture\client\x64\release\cmissile.obj 및 c:\users\159rj\source\repos\winapilecture\client\x64\release\ckeymgr.obj에 있습니다.  첫 번째 PCH를 사용합니다.
LINK : warning C4727: 타임스탬프가 동일한 c:\users\159rj\source\repos\winapilecture\client\x64\release\client.pch PCH가 c:\users\159rj\source\repos\winapilecture\client\x64\release\cobject.obj 및 c:\users\159rj\source\repos\winapilecture\client\x64\release\cmonster.obj에 있습니다.  첫 번째 PCH를 사용합니다.
LINK : warning C4727: 타임스탬프가 동일한 c:\users\159rj\source\repos\winapilecture\client\x64\release\client.pch PCH가 c:\users\159rj\source\repos\winapilecture\client\x64\release\cres.obj 및 c:\users\159rj\source\repos\winapilecture\client\x64\release\cplayer.obj에 있습니다.  첫 번째 PCH를 사용합니다.
LINK : warning C4727: 타임스탬프가 동일한 c:\users\159rj\source\repos\winapilecture\client\x64\release\client.pch PCH가 c:\users\159rj\source\repos\winapilecture\client\x64\release\cscenemgr.obj 및 c:\users\159rj\source\repos\winapilecture\client\x64\release\cscene.obj에 있습니다.  첫 번째 PCH를 사용합니다.
LINK : warning C4727: 타임스탬프가 동일한 c:\users\159rj\source\repos\winapilecture\client\x64\release\client.pch PCH가 c:\users\159rj\source\repos\winapilecture\client\x64\release\cscene_tool.obj 및 c:\users\159rj\source\repos\winapilecture\client\x64\release\cscene_start.obj에 있습니다.  첫 번째 PCH를 사용합니다.
LINK : warning C4727: 타임스탬프가 동일한 c:\users\159rj\source\repos\winapilecture\client\x64\release\client.pch PCH가 c:\users\159rj\source\repos\winapilecture\client\x64\release\ctexture.obj 및 c:\users\159rj\source\repos\winapilecture\client\x64\release\csound.obj에 있습니다.  첫 번째 PCH를 사용합니다.
LINK : warning C4727: 타임스탬프가 동일한 c:\users\159rj\source\repos\winapilecture\client\x64\release\client.pch PCH가 c:\users\159rj\source\repos\winapilecture\client\x64\release\main.obj 및 c:\users\159rj\source\repos\winapilecture\client\x64\release\ctimemgr.obj에 있습니다.  첫 번째 PCH를 사용합니다.
  코드를 생성하고 있습니다.
  Previous IPDB not found, fall back to full compilation.
  All 245 functions were compiled because no usable IPDB/IOBJ from previous compilation was found.
  코드를 생성했습니다.
  Client.vcxproj -> C:\Users\159rj\source\repos\WinAPILecture\Output\bin\Client.exe
